<?xml version="1.0" encoding="UTF-8"?>
<coverage generated="1581816006545" clover="3.2.0">
  <project timestamp="1581816006545" name="All files">
    <metrics statements="62" coveredstatements="61" conditionals="52" coveredconditionals="42" methods="10" coveredmethods="10" elements="124" coveredelements="113" complexity="0" loc="62" ncloc="62" packages="2" files="5" classes="5"/>
    <package name="src">
      <metrics statements="9" coveredstatements="9" conditionals="0" coveredconditionals="0" methods="4" coveredmethods="4"/>
      <file name="index.ts" path="/Users/irodger/price-like-humans/src/index.ts">
        <metrics statements="9" coveredstatements="9" conditionals="0" coveredconditionals="0" methods="4" coveredmethods="4"/>
        <line num="1" count="1" type="stmt"/>
        <line num="2" count="1" type="stmt"/>
        <line num="4" count="1" type="stmt"/>
        <line num="5" count="1" type="stmt"/>
        <line num="8" count="1" type="stmt"/>
        <line num="9" count="1" type="stmt"/>
        <line num="12" count="1" type="stmt"/>
        <line num="14" count="1" type="stmt"/>
        <line num="17" count="1" type="stmt"/>
      </file>
    </package>
    <package name="src.utils">
      <metrics statements="53" coveredstatements="52" conditionals="52" coveredconditionals="42" methods="6" coveredmethods="6"/>
      <file name="exponentFormatter.ts" path="/Users/irodger/price-like-humans/src/utils/exponentFormatter.ts">
        <metrics statements="7" coveredstatements="7" conditionals="4" coveredconditionals="3" methods="1" coveredmethods="1"/>
        <line num="1" count="2" type="stmt"/>
        <line num="4" count="5" type="cond" truecount="2" falsecount="0"/>
        <line num="5" count="4" type="cond" truecount="1" falsecount="1"/>
        <line num="7" count="4" type="stmt"/>
        <line num="13" count="4" type="stmt"/>
        <line num="16" count="1" type="stmt"/>
        <line num="19" count="2" type="stmt"/>
      </file>
      <file name="formattedPrice.ts" path="/Users/irodger/price-like-humans/src/utils/formattedPrice.ts">
        <metrics statements="26" coveredstatements="26" conditionals="28" coveredconditionals="24" methods="1" coveredmethods="1"/>
        <line num="1" count="2" type="stmt"/>
        <line num="2" count="2" type="stmt"/>
        <line num="12" count="18" type="stmt"/>
        <line num="13" count="18" type="cond" truecount="4" falsecount="0"/>
        <line num="14" count="3" type="stmt"/>
        <line num="15" count="3" type="stmt"/>
        <line num="18" count="15" type="stmt"/>
        <line num="19" count="15" type="cond" truecount="2" falsecount="0"/>
        <line num="21" count="15" type="cond" truecount="2" falsecount="0"/>
        <line num="22" count="15" type="cond" truecount="2" falsecount="0"/>
        <line num="24" count="15" type="cond" truecount="2" falsecount="0"/>
        <line num="25" count="2" type="cond" truecount="1" falsecount="1"/>
        <line num="26" count="2" type="cond" truecount="1" falsecount="1"/>
        <line num="27" count="2" type="cond" truecount="1" falsecount="1"/>
        <line num="30" count="15" type="cond" truecount="2" falsecount="0"/>
        <line num="32" count="15" type="cond" truecount="2" falsecount="0"/>
        <line num="33" count="15" type="cond" truecount="1" falsecount="1"/>
        <line num="34" count="15" type="cond" truecount="2" falsecount="0"/>
        <line num="35" count="15" type="stmt"/>
        <line num="36" count="15" type="stmt"/>
        <line num="38" count="15" type="cond" truecount="2" falsecount="0"/>
        <line num="39" count="10" type="stmt"/>
        <line num="40" count="10" type="stmt"/>
        <line num="42" count="10" type="stmt"/>
        <line num="45" count="5" type="stmt"/>
        <line num="48" count="2" type="stmt"/>
      </file>
      <file name="locale.ts" path="/Users/irodger/price-like-humans/src/utils/locale.ts">
        <metrics statements="18" coveredstatements="17" conditionals="20" coveredconditionals="15" methods="3" coveredmethods="3"/>
        <line num="18" count="4" type="stmt"/>
        <line num="19" count="10" type="stmt"/>
        <line num="21" count="10" type="cond" truecount="3" falsecount="1"/>
        <line num="22" count="10" type="stmt"/>
        <line num="25" count="10" type="cond" truecount="2" falsecount="2"/>
        <line num="26" count="0" type="stmt"/>
        <line num="29" count="10" type="cond" truecount="3" falsecount="1"/>
        <line num="30" count="10" type="cond" truecount="2" falsecount="0"/>
        <line num="32" count="10" type="cond" truecount="1" falsecount="1"/>
        <line num="35" count="10" type="stmt"/>
        <line num="38" count="4" type="stmt"/>
        <line num="39" count="10" type="stmt"/>
        <line num="40" count="10" type="stmt"/>
        <line num="41" count="10" type="cond" truecount="2" falsecount="0"/>
        <line num="43" count="10" type="stmt"/>
        <line num="44" count="20" type="stmt"/>
        <line num="50" count="10" type="stmt"/>
        <line num="57" count="4" type="stmt"/>
      </file>
      <file name="reverser.ts" path="/Users/irodger/price-like-humans/src/utils/reverser.ts">
        <metrics statements="2" coveredstatements="2" conditionals="0" coveredconditionals="0" methods="1" coveredmethods="1"/>
        <line num="1" count="3" type="stmt"/>
        <line num="2" count="47" type="stmt"/>
      </file>
    </package>
  </project>
</coverage>
