{"/Users/irodger/price-like-humans/src/index.ts": {"path":"/Users/irodger/price-like-humans/src/index.ts","statementMap":{"0":{"start":{"line":1,"column":0},"end":{"line":1,"column":74}},"1":{"start":{"line":2,"column":0},"end":{"line":2,"column":59}},"2":{"start":{"line":5,"column":2},"end":{"line":5,"column":49}},"3":{"start":{"line":4,"column":0},"end":{"line":4,"column":16}},"4":{"start":{"line":9,"column":2},"end":{"line":9,"column":35}},"5":{"start":{"line":8,"column":0},"end":{"line":8,"column":16}},"6":{"start":{"line":12,"column":0},"end":{"line":19,"column":2}},"7":{"start":{"line":14,"column":4},"end":{"line":14,"column":51}},"8":{"start":{"line":17,"column":4},"end":{"line":17,"column":37}}},"fnMap":{"0":{"name":"formattedPrice","decl":{"start":{"line":4,"column":16},"end":{"line":4,"column":30}},"loc":{"start":{"line":4,"column":62},"end":{"line":6,"column":1}}},"1":{"name":"exponentFormatter","decl":{"start":{"line":8,"column":16},"end":{"line":8,"column":33}},"loc":{"start":{"line":8,"column":47},"end":{"line":10,"column":1}}},"2":{"name":"(anonymous_2)","decl":{"start":{"line":13,"column":2},"end":{"line":13,"column":16}},"loc":{"start":{"line":13,"column":48},"end":{"line":15,"column":3}}},"3":{"name":"(anonymous_3)","decl":{"start":{"line":16,"column":2},"end":{"line":16,"column":19}},"loc":{"start":{"line":16,"column":33},"end":{"line":18,"column":3}}}},"branchMap":{},"s":{"0":1,"1":1,"2":1,"3":1,"4":1,"5":1,"6":1,"7":1,"8":1},"f":{"0":1,"1":1,"2":1,"3":1},"b":{}}
,"/Users/irodger/price-like-humans/src/utils/exponentFormatter.ts": {"path":"/Users/irodger/price-like-humans/src/utils/exponentFormatter.ts","statementMap":{"0":{"start":{"line":1,"column":0},"end":{"line":1,"column":30}},"1":{"start":{"line":4,"column":2},"end":{"line":14,"column":null}},"2":{"start":{"line":5,"column":26},"end":{"line":5,"column":110}},"3":{"start":{"line":7,"column":28},"end":{"line":11,"column":6}},"4":{"start":{"line":13,"column":4},"end":{"line":13,"column":67}},"5":{"start":{"line":16,"column":2},"end":{"line":16,"column":26}},"6":{"start":{"line":19,"column":0},"end":{"line":19,"column":33}}},"fnMap":{"0":{"name":"exponentFormatter","decl":{"start":{"line":3,"column":9},"end":{"line":3,"column":26}},"loc":{"start":{"line":3,"column":49},"end":{"line":17,"column":1}}}},"branchMap":{"0":{"loc":{"start":{"line":4,"column":2},"end":{"line":14,"column":null}},"type":"if","locations":[{"start":{"line":4,"column":2},"end":{"line":14,"column":null}},{"start":{"line":4,"column":2},"end":{"line":14,"column":null}}]},"1":{"loc":{"start":{"line":5,"column":68},"end":{"line":5,"column":69}},"type":"cond-expr","locations":[{"start":{"line":5,"column":68},"end":{"line":5,"column":69}},{"start":{"line":5,"column":72},"end":{"line":5,"column":110}}]}},"s":{"0":2,"1":5,"2":4,"3":4,"4":4,"5":1,"6":2},"f":{"0":5},"b":{"0":[4,1],"1":[0,4]}}
,"/Users/irodger/price-like-humans/src/utils/formattedPrice.ts": {"path":"/Users/irodger/price-like-humans/src/utils/formattedPrice.ts","statementMap":{"0":{"start":{"line":1,"column":0},"end":{"line":1,"column":34}},"1":{"start":{"line":2,"column":0},"end":{"line":2,"column":45}},"2":{"start":{"line":12,"column":26},"end":{"line":12,"column":31}},"3":{"start":{"line":12,"column":33},"end":{"line":12,"column":42}},"4":{"start":{"line":12,"column":44},"end":{"line":12,"column":53}},"5":{"start":{"line":12,"column":55},"end":{"line":12,"column":59}},"6":{"start":{"line":13,"column":2},"end":{"line":16,"column":null}},"7":{"start":{"line":14,"column":4},"end":{"line":14,"column":70}},"8":{"start":{"line":15,"column":4},"end":{"line":15,"column":17}},"9":{"start":{"line":18,"column":15},"end":{"line":18,"column":27}},"10":{"start":{"line":19,"column":8},"end":{"line":19,"column":10}},"11":{"start":{"line":19,"column":10},"end":{"line":19,"column":28}},"12":{"start":{"line":19,"column":30},"end":{"line":19,"column":84}},"13":{"start":{"line":21,"column":2},"end":{"line":21,"column":35}},"14":{"start":{"line":22,"column":2},"end":{"line":22,"column":35}},"15":{"start":{"line":24,"column":2},"end":{"line":28,"column":null}},"16":{"start":{"line":25,"column":4},"end":{"line":25,"column":43}},"17":{"start":{"line":25,"column":27},"end":{"line":25,"column":43}},"18":{"start":{"line":26,"column":4},"end":{"line":26,"column":43}},"19":{"start":{"line":26,"column":27},"end":{"line":26,"column":43}},"20":{"start":{"line":27,"column":4},"end":{"line":27,"column":43}},"21":{"start":{"line":27,"column":27},"end":{"line":27,"column":43}},"22":{"start":{"line":30,"column":18},"end":{"line":30,"column":57}},"23":{"start":{"line":32,"column":4},"end":{"line":32,"column":113}},"24":{"start":{"line":33,"column":26},"end":{"line":33,"column":53}},"25":{"start":{"line":34,"column":22},"end":{"line":34,"column":98}},"26":{"start":{"line":35,"column":26},"end":{"line":35,"column":49}},"27":{"start":{"line":36,"column":26},"end":{"line":36,"column":76}},"28":{"start":{"line":38,"column":2},"end":{"line":43,"column":null}},"29":{"start":{"line":39,"column":35},"end":{"line":39,"column":95}},"30":{"start":{"line":40,"column":27},"end":{"line":40,"column":59}},"31":{"start":{"line":42,"column":4},"end":{"line":42,"column":67}},"32":{"start":{"line":45,"column":2},"end":{"line":45,"column":25}},"33":{"start":{"line":48,"column":0},"end":{"line":48,"column":30}}},"fnMap":{"0":{"name":"formattedPrice","decl":{"start":{"line":12,"column":9},"end":{"line":12,"column":23}},"loc":{"start":{"line":12,"column":78},"end":{"line":46,"column":1}}}},"branchMap":{"0":{"loc":{"start":{"line":13,"column":2},"end":{"line":16,"column":null}},"type":"if","locations":[{"start":{"line":13,"column":2},"end":{"line":16,"column":null}},{"start":{"line":13,"column":2},"end":{"line":16,"column":null}}]},"1":{"loc":{"start":{"line":13,"column":6},"end":{"line":13,"column":29}},"type":"binary-expr","locations":[{"start":{"line":13,"column":6},"end":{"line":13,"column":29}},{"start":{"line":13,"column":33},"end":{"line":13,"column":65}}]},"2":{"loc":{"start":{"line":19,"column":8},"end":{"line":19,"column":10}},"type":"cond-expr","locations":[{"start":{"line":19,"column":8},"end":{"line":19,"column":10}},{"start":{"line":19,"column":8},"end":{"line":19,"column":10}}]},"3":{"loc":{"start":{"line":21,"column":14},"end":{"line":21,"column":23}},"type":"binary-expr","locations":[{"start":{"line":21,"column":14},"end":{"line":21,"column":23}},{"start":{"line":21,"column":27},"end":{"line":21,"column":34}}]},"4":{"loc":{"start":{"line":22,"column":14},"end":{"line":22,"column":23}},"type":"binary-expr","locations":[{"start":{"line":22,"column":14},"end":{"line":22,"column":23}},{"start":{"line":22,"column":27},"end":{"line":22,"column":34}}]},"5":{"loc":{"start":{"line":24,"column":2},"end":{"line":28,"column":null}},"type":"if","locations":[{"start":{"line":24,"column":2},"end":{"line":28,"column":null}},{"start":{"line":24,"column":2},"end":{"line":28,"column":null}}]},"6":{"loc":{"start":{"line":25,"column":4},"end":{"line":25,"column":43}},"type":"if","locations":[{"start":{"line":25,"column":4},"end":{"line":25,"column":43}},{"start":{"line":25,"column":4},"end":{"line":25,"column":43}}]},"7":{"loc":{"start":{"line":26,"column":4},"end":{"line":26,"column":43}},"type":"if","locations":[{"start":{"line":26,"column":4},"end":{"line":26,"column":43}},{"start":{"line":26,"column":4},"end":{"line":26,"column":43}}]},"8":{"loc":{"start":{"line":27,"column":4},"end":{"line":27,"column":43}},"type":"if","locations":[{"start":{"line":27,"column":4},"end":{"line":27,"column":43}},{"start":{"line":27,"column":4},"end":{"line":27,"column":43}}]},"9":{"loc":{"start":{"line":30,"column":45},"end":{"line":30,"column":49}},"type":"cond-expr","locations":[{"start":{"line":30,"column":45},"end":{"line":30,"column":49}},{"start":{"line":30,"column":52},"end":{"line":30,"column":57}}]},"10":{"loc":{"start":{"line":32,"column":59},"end":{"line":32,"column":101}},"type":"cond-expr","locations":[{"start":{"line":32,"column":59},"end":{"line":32,"column":101}},{"start":{"line":32,"column":104},"end":{"line":32,"column":113}}]},"11":{"loc":{"start":{"line":33,"column":26},"end":{"line":33,"column":35}},"type":"binary-expr","locations":[{"start":{"line":33,"column":26},"end":{"line":33,"column":35}},{"start":{"line":33,"column":39},"end":{"line":33,"column":53}}]},"12":{"loc":{"start":{"line":34,"column":77},"end":{"line":34,"column":80}},"type":"cond-expr","locations":[{"start":{"line":34,"column":77},"end":{"line":34,"column":80}},{"start":{"line":34,"column":83},"end":{"line":34,"column":97}}]},"13":{"loc":{"start":{"line":38,"column":2},"end":{"line":43,"column":null}},"type":"if","locations":[{"start":{"line":38,"column":2},"end":{"line":43,"column":null}},{"start":{"line":38,"column":2},"end":{"line":43,"column":null}}]}},"s":{"0":2,"1":2,"2":18,"3":18,"4":18,"5":18,"6":18,"7":3,"8":3,"9":15,"10":15,"11":15,"12":15,"13":15,"14":15,"15":15,"16":2,"17":2,"18":2,"19":0,"20":2,"21":0,"22":15,"23":15,"24":15,"25":15,"26":15,"27":15,"28":15,"29":10,"30":10,"31":10,"32":5,"33":2},"f":{"0":18},"b":{"0":[3,15],"1":[18,9],"2":[1,14],"3":[15,10],"4":[15,7],"5":[2,13],"6":[2,0],"7":[0,2],"8":[0,2],"9":[5,10],"10":[10,5],"11":[15,0],"12":[8,7],"13":[10,5]}}
,"/Users/irodger/price-like-humans/src/utils/locale.ts": {"path":"/Users/irodger/price-like-humans/src/utils/locale.ts","statementMap":{"0":{"start":{"line":18,"column":16},"end":{"line":36,"column":1}},"1":{"start":{"line":19,"column":15},"end":{"line":19,"column":19}},"2":{"start":{"line":21,"column":2},"end":{"line":23,"column":null}},"3":{"start":{"line":22,"column":4},"end":{"line":22,"column":32}},"4":{"start":{"line":25,"column":2},"end":{"line":27,"column":null}},"5":{"start":{"line":26,"column":4},"end":{"line":26,"column":22}},"6":{"start":{"line":29,"column":2},"end":{"line":33,"column":null}},"7":{"start":{"line":30,"column":17},"end":{"line":30,"column":57}},"8":{"start":{"line":32,"column":4},"end":{"line":32,"column":28}},"9":{"start":{"line":35,"column":2},"end":{"line":35,"column":33}},"10":{"start":{"line":38,"column":13},"end":{"line":55,"column":2}},"11":{"start":{"line":39,"column":33},"end":{"line":39,"column":38}},"12":{"start":{"line":40,"column":33},"end":{"line":40,"column":36}},"13":{"start":{"line":41,"column":20},"end":{"line":41,"column":60}},"14":{"start":{"line":43,"column":28},"end":{"line":48,"column":3}},"15":{"start":{"line":44,"column":4},"end":{"line":47,"column":20}},"16":{"start":{"line":50,"column":2},"end":{"line":54,"column":4}},"17":{"start":{"line":57,"column":0},"end":{"line":57,"column":27}}},"fnMap":{"0":{"name":"(anonymous_0)","decl":{"start":{"line":18,"column":16},"end":{"line":18,"column":null}},"loc":{"start":{"line":18,"column":16},"end":{"line":36,"column":1}}},"1":{"name":"(anonymous_1)","decl":{"start":{"line":38,"column":25},"end":{"line":38,"column":26}},"loc":{"start":{"line":38,"column":39},"end":{"line":55,"column":1}}},"2":{"name":"(anonymous_2)","decl":{"start":{"line":43,"column":28},"end":{"line":43,"column":29}},"loc":{"start":{"line":43,"column":42},"end":{"line":48,"column":3}}}},"branchMap":{"0":{"loc":{"start":{"line":21,"column":2},"end":{"line":23,"column":null}},"type":"if","locations":[{"start":{"line":21,"column":2},"end":{"line":23,"column":null}},{"start":{"line":21,"column":2},"end":{"line":23,"column":null}}]},"1":{"loc":{"start":{"line":21,"column":6},"end":{"line":21,"column":38}},"type":"binary-expr","locations":[{"start":{"line":21,"column":6},"end":{"line":21,"column":38}},{"start":{"line":21,"column":42},"end":{"line":21,"column":83}}]},"2":{"loc":{"start":{"line":25,"column":2},"end":{"line":27,"column":null}},"type":"if","locations":[{"start":{"line":25,"column":2},"end":{"line":27,"column":null}},{"start":{"line":25,"column":2},"end":{"line":27,"column":null}}]},"3":{"loc":{"start":{"line":25,"column":6},"end":{"line":25,"column":32}},"type":"binary-expr","locations":[{"start":{"line":25,"column":6},"end":{"line":25,"column":32}},{"start":{"line":25,"column":36},"end":{"line":25,"column":67}}]},"4":{"loc":{"start":{"line":29,"column":2},"end":{"line":33,"column":null}},"type":"if","locations":[{"start":{"line":29,"column":2},"end":{"line":33,"column":null}},{"start":{"line":29,"column":2},"end":{"line":33,"column":null}}]},"5":{"loc":{"start":{"line":29,"column":6},"end":{"line":29,"column":36}},"type":"binary-expr","locations":[{"start":{"line":29,"column":6},"end":{"line":29,"column":36}},{"start":{"line":29,"column":40},"end":{"line":29,"column":74}}]},"6":{"loc":{"start":{"line":30,"column":17},"end":{"line":30,"column":33}},"type":"binary-expr","locations":[{"start":{"line":30,"column":17},"end":{"line":30,"column":33}},{"start":{"line":30,"column":37},"end":{"line":30,"column":57}}]},"7":{"loc":{"start":{"line":32,"column":13},"end":{"line":32,"column":17}},"type":"binary-expr","locations":[{"start":{"line":32,"column":13},"end":{"line":32,"column":17}},{"start":{"line":32,"column":21},"end":{"line":32,"column":27}}]},"8":{"loc":{"start":{"line":41,"column":42},"end":{"line":41,"column":46}},"type":"binary-expr","locations":[{"start":{"line":41,"column":42},"end":{"line":41,"column":46}},{"start":{"line":41,"column":50},"end":{"line":41,"column":59}}]},"9":{"loc":{"start":{"line":51,"column":10},"end":{"line":51,"column":14}},"type":"binary-expr","locations":[{"start":{"line":51,"column":10},"end":{"line":51,"column":14}},{"start":{"line":51,"column":18},"end":{"line":51,"column":27}}]}},"s":{"0":4,"1":10,"2":10,"3":10,"4":10,"5":0,"6":10,"7":10,"8":10,"9":10,"10":4,"11":10,"12":10,"13":10,"14":10,"15":20,"16":10,"17":4},"f":{"0":10,"1":10,"2":20},"b":{"0":[10,0],"1":[10,10],"2":[0,10],"3":[10,0],"4":[10,0],"5":[10,10],"6":[10,10],"7":[10,0],"8":[10,5],"9":[10,5]}}
,"/Users/irodger/price-like-humans/src/utils/reverser.ts": {"path":"/Users/irodger/price-like-humans/src/utils/reverser.ts","statementMap":{"0":{"start":{"line":1,"column":0},"end":{"line":6,"column":14}},"1":{"start":{"line":2,"column":2},"end":{"line":6,"column":14}}},"fnMap":{"0":{"name":"(anonymous_0)","decl":{"start":{"line":1,"column":15},"end":{"line":1,"column":16}},"loc":{"start":{"line":1,"column":37},"end":{"line":2,"column":6}}}},"branchMap":{},"s":{"0":3,"1":47},"f":{"0":47},"b":{}}
}
