TN:
SF:src/index.ts
FN:4,formattedPrice
FN:8,exponentFormatter
FN:13,(anonymous_2)
FN:16,(anonymous_3)
FNF:4
FNH:4
FNDA:1,formattedPrice
FNDA:1,exponentFormatter
FNDA:1,(anonymous_2)
FNDA:1,(anonymous_3)
DA:1,1
DA:2,1
DA:4,1
DA:5,1
DA:8,1
DA:9,1
DA:12,1
DA:14,1
DA:17,1
LF:9
LH:9
BRF:0
BRH:0
end_of_record
TN:
SF:src/utils/exponentFormatter.ts
FN:3,exponentFormatter
FNF:1
FNH:1
FNDA:5,exponentFormatter
DA:1,2
DA:4,5
DA:5,4
DA:7,4
DA:13,4
DA:16,1
DA:19,2
LF:7
LH:7
BRDA:4,0,0,4
BRDA:4,0,1,1
BRDA:5,1,0,0
BRDA:5,1,1,4
BRF:4
BRH:3
end_of_record
TN:
SF:src/utils/formattedPrice.ts
FN:12,formattedPrice
FNF:1
FNH:1
FNDA:18,formattedPrice
DA:1,2
DA:2,2
DA:12,18
DA:13,18
DA:14,3
DA:15,3
DA:18,15
DA:19,15
DA:21,15
DA:22,15
DA:24,15
DA:25,2
DA:26,2
DA:27,2
DA:30,15
DA:32,15
DA:33,15
DA:34,15
DA:35,15
DA:36,15
DA:38,15
DA:39,10
DA:40,10
DA:42,10
DA:45,5
DA:48,2
LF:26
LH:26
BRDA:13,0,0,3
BRDA:13,0,1,15
BRDA:13,1,0,18
BRDA:13,1,1,9
BRDA:19,2,0,1
BRDA:19,2,1,14
BRDA:21,3,0,15
BRDA:21,3,1,10
BRDA:22,4,0,15
BRDA:22,4,1,7
BRDA:24,5,0,2
BRDA:24,5,1,13
BRDA:25,6,0,2
BRDA:25,6,1,0
BRDA:26,7,0,0
BRDA:26,7,1,2
BRDA:27,8,0,0
BRDA:27,8,1,2
BRDA:30,9,0,5
BRDA:30,9,1,10
BRDA:32,10,0,10
BRDA:32,10,1,5
BRDA:33,11,0,15
BRDA:33,11,1,0
BRDA:34,12,0,8
BRDA:34,12,1,7
BRDA:38,13,0,10
BRDA:38,13,1,5
BRF:28
BRH:24
end_of_record
TN:
SF:src/utils/locale.ts
FN:18,(anonymous_0)
FN:38,(anonymous_1)
FN:43,(anonymous_2)
FNF:3
FNH:3
FNDA:10,(anonymous_0)
FNDA:10,(anonymous_1)
FNDA:20,(anonymous_2)
DA:18,4
DA:19,10
DA:21,10
DA:22,10
DA:25,10
DA:26,0
DA:29,10
DA:30,10
DA:32,10
DA:35,10
DA:38,4
DA:39,10
DA:40,10
DA:41,10
DA:43,10
DA:44,20
DA:50,10
DA:57,4
LF:18
LH:17
BRDA:21,0,0,10
BRDA:21,0,1,0
BRDA:21,1,0,10
BRDA:21,1,1,10
BRDA:25,2,0,0
BRDA:25,2,1,10
BRDA:25,3,0,10
BRDA:25,3,1,0
BRDA:29,4,0,10
BRDA:29,4,1,0
BRDA:29,5,0,10
BRDA:29,5,1,10
BRDA:30,6,0,10
BRDA:30,6,1,10
BRDA:32,7,0,10
BRDA:32,7,1,0
BRDA:41,8,0,10
BRDA:41,8,1,5
BRDA:51,9,0,10
BRDA:51,9,1,5
BRF:20
BRH:15
end_of_record
TN:
SF:src/utils/reverser.ts
FN:1,(anonymous_0)
FNF:1
FNH:1
FNDA:47,(anonymous_0)
DA:1,3
DA:2,47
LF:2
LH:2
BRF:0
BRH:0
end_of_record
